testModule/build/outputs/logs/manifest-merger-debug-report.txt
-- Merging decision tree log ---
manifest
ADDED from src/main/AndroidManifest.xml:2:1-225:12
INJECTED from src/main/AndroidManifest.xml:2:1-225:12
INJECTED from src/main/AndroidManifest.xml:2:1-225:12
INJECTED from src/main/AndroidManifest.xml:2:1-225:12
INJECTED from src/main/AndroidManifest.xml:2:1-225:12
INJECTED from src/main/AndroidManifest.xml:2:1-225:12
INJECTED from src/main/AndroidManifest.xml:2:1-225:12
	package
		ADDED from src/main/AndroidManifest.xml:4:5-33
		INJECTED from src/main/AndroidManifest.xml
		INJECTED from src/main/AndroidManifest.xml
	android:versionName
		ADDED from src/main/AndroidManifest.xml:6:5-30
		INJECTED from src/main/AndroidManifest.xml
		INJECTED from src/main/AndroidManifest.xml
	xmlns:tools
		ADDED from src/main/AndroidManifest.xml:3:5-51
	xmlns:android
		ADDED from src/main/AndroidManifest.xml:2:11-69
	android:versionCode
		ADDED from src/main/AndroidManifest.xml:5:5-28
		INJECTED from src/main/AndroidManifest.xml
		INJECTED from src/main/AndroidManifest.xml
uses-sdk
ADDED from src/main/AndroidManifest.xml:8:5-10:41
INJECTED from src/main/AndroidManifest.xml:8:5-10:41
INJECTED from src/main/AndroidManifest.xml:8:5-10:41
INJECTED from src/main/AndroidManifest.xml:8:5-10:41
INJECTED from src/main/AndroidManifest.xml:8:5-10:41
	android:targetSdkVersion
		ADDED from src/main/AndroidManifest.xml:10:9-38
		INJECTED from src/main/AndroidManifest.xml
		INJECTED from src/main/AndroidManifest.xml
	android:minSdkVersion
		ADDED from src/main/AndroidManifest.xml:9:9-35
		INJECTED from src/main/AndroidManifest.xml
		INJECTED from src/main/AndroidManifest.xml
uses-permission#android.permission.INTERNET
ADDED from src/main/AndroidManifest.xml:13:5-66
	android:name
		ADDED from src/main/AndroidManifest.xml:13:22-64
uses-permission#android.permission.WRITE_EXTERNAL_STORAGE
ADDED from src/main/AndroidManifest.xml:15:5-81
	android:name
		ADDED from src/main/AndroidManifest.xml:15:22-78
uses-permission#android.permission.ACCESS_COARSE_LOCATION
ADDED from src/main/AndroidManifest.xml:16:5-81
	android:name
		ADDED from src/main/AndroidManifest.xml:16:22-78
uses-permission#android.permission.ACCESS_NETWORK_STATE
ADDED from src/main/AndroidManifest.xml:17:5-79
	android:name
		ADDED from src/main/AndroidManifest.xml:17:22-76
uses-permission#android.permission.ACCESS_FINE_LOCATION
ADDED from src/main/AndroidManifest.xml:18:5-79
	android:name
		ADDED from src/main/AndroidManifest.xml:18:22-76
uses-permission#android.permission.READ_PHONE_STATE
ADDED from src/main/AndroidManifest.xml:19:5-75
	android:name
		ADDED from src/main/AndroidManifest.xml:19:22-72
uses-permission#android.permission.CHANGE_WIFI_STATE
ADDED from src/main/AndroidManifest.xml:20:5-76
	android:name
		ADDED from src/main/AndroidManifest.xml:20:22-73
uses-permission#android.permission.ACCESS_WIFI_STATE
ADDED from src/main/AndroidManifest.xml:21:5-76
	android:name
		ADDED from src/main/AndroidManifest.xml:21:22-73
uses-permission#android.permission.WAKE_LOCK
ADDED from src/main/AndroidManifest.xml:22:5-68
	android:name
		ADDED from src/main/AndroidManifest.xml:22:22-65
uses-permission#android.permission.READ_EXTERNAL_STORAGE
ADDED from src/main/AndroidManifest.xml:23:5-80
	android:name
		ADDED from src/main/AndroidManifest.xml:23:22-77
application
ADDED from src/main/AndroidManifest.xml:25:5-223:19
	android:label
		ADDED from src/main/AndroidManifest.xml:29:9-41
	android:icon
		ADDED from src/main/AndroidManifest.xml:28:9-45
	android:allowBackup
		ADDED from src/main/AndroidManifest.xml:27:9-36
	android:theme
		ADDED from src/main/AndroidManifest.xml:30:9-51
	tools:replace
		ADDED from src/main/AndroidManifest.xml:31:9-43
	android:name
		ADDED from src/main/AndroidManifest.xml:26:9-30
meta-data#com.amap.api.v2.apikey
ADDED from src/main/AndroidManifest.xml:33:9-35:37
	android:value
		ADDED from src/main/AndroidManifest.xml:35:13-34
	android:name
		ADDED from src/main/AndroidManifest.xml:34:13-50
activity#com.amap.navi.demo.activity.IndexActivity
ADDED from src/main/AndroidManifest.xml:37:9-46:20
	android:screenOrientation
		ADDED from src/main/AndroidManifest.xml:40:13-49
	android:label
		ADDED from src/main/AndroidManifest.xml:39:13-45
	android:name
		ADDED from src/main/AndroidManifest.xml:38:13-51
intent-filter#android.intent.action.MAIN+android.intent.category.LAUNCHER
ADDED from src/main/AndroidManifest.xml:41:13-45:29
action#android.intent.action.MAIN
ADDED from src/main/AndroidManifest.xml:42:17-69
	android:name
		ADDED from src/main/AndroidManifest.xml:42:25-66
category#android.intent.category.LAUNCHER
ADDED from src/main/AndroidManifest.xml:44:17-77
	android:name
		ADDED from src/main/AndroidManifest.xml:44:27-74
activity#com.amap.api.navi.AmapRouteActivity
ADDED from src/main/AndroidManifest.xml:47:9-49:77
	android:configChanges
		ADDED from src/main/AndroidManifest.xml:49:13-74
	android:name
		ADDED from src/main/AndroidManifest.xml:48:13-63
activity#com.amap.navi.demo.activity.BasicNaviActivity
ADDED from src/main/AndroidManifest.xml:50:9-54:69
	android:label
		ADDED from src/main/AndroidManifest.xml:53:13-45
	android:configChanges
		ADDED from src/main/AndroidManifest.xml:52:13-74
	android:theme
		ADDED from src/main/AndroidManifest.xml:54:13-66
	android:name
		ADDED from src/main/AndroidManifest.xml:51:13-55
activity#com.amap.navi.demo.activity.custom.ComponentActivity
ADDED from src/main/AndroidManifest.xml:55:9-59:69
	android:label
		ADDED from src/main/AndroidManifest.xml:58:13-45
	android:configChanges
		ADDED from src/main/AndroidManifest.xml:57:13-74
	android:theme
		ADDED from src/main/AndroidManifest.xml:59:13-66
	android:name
		ADDED from src/main/AndroidManifest.xml:56:13-62
activity#com.amap.navi.demo.activity.CustomZoomInIntersectionViewActivity
ADDED from src/main/AndroidManifest.xml:60:9-64:69
	android:label
		ADDED from src/main/AndroidManifest.xml:63:13-45
	android:configChanges
		ADDED from src/main/AndroidManifest.xml:62:13-74
	android:theme
		ADDED from src/main/AndroidManifest.xml:64:13-66
	android:name
		ADDED from src/main/AndroidManifest.xml:61:13-74
activity#com.amap.navi.demo.activity.CustomRouteActivity
ADDED from src/main/AndroidManifest.xml:65:9-69:69
	android:label
		ADDED from src/main/AndroidManifest.xml:68:13-45
	android:configChanges
		ADDED from src/main/AndroidManifest.xml:67:13-74
	android:theme
		ADDED from src/main/AndroidManifest.xml:69:13-66
	android:name
		ADDED from src/main/AndroidManifest.xml:66:13-57
activity#com.amap.navi.demo.activity.CustomDriveWayViewActivity
ADDED from src/main/AndroidManifest.xml:70:9-74:69
	android:label
		ADDED from src/main/AndroidManifest.xml:73:13-45
	android:configChanges
		ADDED from src/main/AndroidManifest.xml:72:13-74
	android:theme
		ADDED from src/main/AndroidManifest.xml:74:13-66
	android:name
		ADDED from src/main/AndroidManifest.xml:71:13-64
activity#com.amap.navi.demo.activity.HudDisplayActivity
ADDED from src/main/AndroidManifest.xml:75:9-79:69
	android:label
		ADDED from src/main/AndroidManifest.xml:78:13-45
	android:configChanges
		ADDED from src/main/AndroidManifest.xml:77:13-74
	android:theme
		ADDED from src/main/AndroidManifest.xml:79:13-66
	android:name
		ADDED from src/main/AndroidManifest.xml:76:13-56
activity#com.amap.navi.demo.activity.IntelligentBroadcastActivity
ADDED from src/main/AndroidManifest.xml:80:9-84:69
	android:label
		ADDED from src/main/AndroidManifest.xml:83:13-45
	android:configChanges
		ADDED from src/main/AndroidManifest.xml:82:13-74
	android:theme
		ADDED from src/main/AndroidManifest.xml:84:13-66
	android:name
		ADDED from src/main/AndroidManifest.xml:81:13-66
activity#com.amap.navi.demo.activity.RoutePlanningActivity
ADDED from src/main/AndroidManifest.xml:85:9-90:63
	android:label
		ADDED from src/main/AndroidManifest.xml:88:13-45
	android:windowSoftInputMode
		ADDED from src/main/AndroidManifest.xml:90:13-60
	android:configChanges
		ADDED from src/main/AndroidManifest.xml:87:13-74
	android:theme
		ADDED from src/main/AndroidManifest.xml:89:13-66
	android:name
		ADDED from src/main/AndroidManifest.xml:86:13-59
activity#com.amap.navi.demo.activity.GPSNaviActivity
ADDED from src/main/AndroidManifest.xml:91:9-95:69
	android:label
		ADDED from src/main/AndroidManifest.xml:94:13-45
	android:configChanges
		ADDED from src/main/AndroidManifest.xml:93:13-74
	android:theme
		ADDED from src/main/AndroidManifest.xml:95:13-66
	android:name
		ADDED from src/main/AndroidManifest.xml:92:13-53
activity#com.amap.navi.demo.activity.CustomTrafficBarViewActivity
ADDED from src/main/AndroidManifest.xml:96:9-100:69
	android:label
		ADDED from src/main/AndroidManifest.xml:99:13-45
	android:configChanges
		ADDED from src/main/AndroidManifest.xml:98:13-74
	android:theme
		ADDED from src/main/AndroidManifest.xml:100:13-66
	android:name
		ADDED from src/main/AndroidManifest.xml:97:13-66
activity#com.amap.navi.demo.activity.CustomTrafficProgressBarActivity
ADDED from src/main/AndroidManifest.xml:101:9-105:69
	android:label
		ADDED from src/main/AndroidManifest.xml:104:13-45
	android:configChanges
		ADDED from src/main/AndroidManifest.xml:103:13-74
	android:theme
		ADDED from src/main/AndroidManifest.xml:105:13-66
	android:name
		ADDED from src/main/AndroidManifest.xml:102:13-70
activity#com.amap.navi.demo.activity.SimpleNaviActivity
ADDED from src/main/AndroidManifest.xml:106:9-110:69
	android:label
		ADDED from src/main/AndroidManifest.xml:109:13-45
	android:configChanges
		ADDED from src/main/AndroidManifest.xml:108:13-74
	android:theme
		ADDED from src/main/AndroidManifest.xml:110:13-66
	android:name
		ADDED from src/main/AndroidManifest.xml:107:13-56
activity#com.amap.navi.demo.activity.GetNaviStepsAndLinksActivity
ADDED from src/main/AndroidManifest.xml:111:9-115:69
	android:label
		ADDED from src/main/AndroidManifest.xml:114:13-45
	android:configChanges
		ADDED from src/main/AndroidManifest.xml:113:13-74
	android:theme
		ADDED from src/main/AndroidManifest.xml:115:13-66
	android:name
		ADDED from src/main/AndroidManifest.xml:112:13-66
activity#com.amap.navi.demo.activity.NorthModeActivity
ADDED from src/main/AndroidManifest.xml:116:9-120:69
	android:label
		ADDED from src/main/AndroidManifest.xml:119:13-45
	android:configChanges
		ADDED from src/main/AndroidManifest.xml:118:13-74
	android:theme
		ADDED from src/main/AndroidManifest.xml:120:13-66
	android:name
		ADDED from src/main/AndroidManifest.xml:117:13-55
activity#com.amap.navi.demo.activity.OverviewModeActivity
ADDED from src/main/AndroidManifest.xml:121:9-125:69
	android:label
		ADDED from src/main/AndroidManifest.xml:124:13-45
	android:configChanges
		ADDED from src/main/AndroidManifest.xml:123:13-74
	android:theme
		ADDED from src/main/AndroidManifest.xml:125:13-66
	android:name
		ADDED from src/main/AndroidManifest.xml:122:13-58
activity#com.amap.navi.demo.activity.BasicWalkNaviActivity
ADDED from src/main/AndroidManifest.xml:126:9-130:69
	android:label
		ADDED from src/main/AndroidManifest.xml:129:13-45
	android:configChanges
		ADDED from src/main/AndroidManifest.xml:128:13-74
	android:theme
		ADDED from src/main/AndroidManifest.xml:130:13-66
	android:name
		ADDED from src/main/AndroidManifest.xml:127:13-59
activity#com.amap.navi.demo.activity.UseExtraGpsDataActivity
ADDED from src/main/AndroidManifest.xml:131:9-135:69
	android:label
		ADDED from src/main/AndroidManifest.xml:134:13-45
	android:configChanges
		ADDED from src/main/AndroidManifest.xml:133:13-74
	android:theme
		ADDED from src/main/AndroidManifest.xml:135:13-66
	android:name
		ADDED from src/main/AndroidManifest.xml:132:13-61
activity#com.amap.navi.demo.activity.CustomCarActivity
ADDED from src/main/AndroidManifest.xml:136:9-140:69
	android:label
		ADDED from src/main/AndroidManifest.xml:139:13-45
	android:configChanges
		ADDED from src/main/AndroidManifest.xml:138:13-74
	android:theme
		ADDED from src/main/AndroidManifest.xml:140:13-66
	android:name
		ADDED from src/main/AndroidManifest.xml:137:13-55
activity#com.amap.navi.demo.activity.CustomRouteTextureInAMapNaviViewActivity
ADDED from src/main/AndroidManifest.xml:141:9-145:69
	android:label
		ADDED from src/main/AndroidManifest.xml:144:13-45
	android:configChanges
		ADDED from src/main/AndroidManifest.xml:143:13-74
	android:theme
		ADDED from src/main/AndroidManifest.xml:145:13-66
	android:name
		ADDED from src/main/AndroidManifest.xml:142:13-78
activity#com.amap.navi.demo.activity.CustomDirectionViewActivity
ADDED from src/main/AndroidManifest.xml:146:9-150:69
	android:label
		ADDED from src/main/AndroidManifest.xml:149:13-45
	android:configChanges
		ADDED from src/main/AndroidManifest.xml:148:13-74
	android:theme
		ADDED from src/main/AndroidManifest.xml:150:13-66
	android:name
		ADDED from src/main/AndroidManifest.xml:147:13-65
activity#com.amap.navi.demo.activity.CustomTrafficButtonViewActivity
ADDED from src/main/AndroidManifest.xml:151:9-155:69
	android:label
		ADDED from src/main/AndroidManifest.xml:154:13-45
	android:configChanges
		ADDED from src/main/AndroidManifest.xml:153:13-74
	android:theme
		ADDED from src/main/AndroidManifest.xml:155:13-66
	android:name
		ADDED from src/main/AndroidManifest.xml:152:13-69
activity#com.amap.navi.demo.activity.CustomNextTurnTipViewActivity
ADDED from src/main/AndroidManifest.xml:156:9-160:69
	android:label
		ADDED from src/main/AndroidManifest.xml:159:13-45
	android:configChanges
		ADDED from src/main/AndroidManifest.xml:158:13-74
	android:theme
		ADDED from src/main/AndroidManifest.xml:160:13-66
	android:name
		ADDED from src/main/AndroidManifest.xml:157:13-67
activity#com.amap.navi.demo.activity.CustomZoomButtonViewActivity
ADDED from src/main/AndroidManifest.xml:161:9-165:69
	android:label
		ADDED from src/main/AndroidManifest.xml:164:13-45
	android:configChanges
		ADDED from src/main/AndroidManifest.xml:163:13-74
	android:theme
		ADDED from src/main/AndroidManifest.xml:165:13-66
	android:name
		ADDED from src/main/AndroidManifest.xml:162:13-66
activity#com.amap.navi.demo.activity.CustomOverviewButtonViewActivity
ADDED from src/main/AndroidManifest.xml:166:9-170:69
	android:label
		ADDED from src/main/AndroidManifest.xml:169:13-45
	android:configChanges
		ADDED from src/main/AndroidManifest.xml:168:13-74
	android:theme
		ADDED from src/main/AndroidManifest.xml:170:13-66
	android:name
		ADDED from src/main/AndroidManifest.xml:167:13-70
activity#com.amap.navi.demo.activity.RestRouteShowActivity
ADDED from src/main/AndroidManifest.xml:171:9-175:69
	android:label
		ADDED from src/main/AndroidManifest.xml:174:13-45
	android:configChanges
		ADDED from src/main/AndroidManifest.xml:173:13-74
	android:theme
		ADDED from src/main/AndroidManifest.xml:175:13-66
	android:name
		ADDED from src/main/AndroidManifest.xml:172:13-59
activity#com.amap.navi.demo.activity.RouteNaviActivity
ADDED from src/main/AndroidManifest.xml:176:9-180:69
	android:label
		ADDED from src/main/AndroidManifest.xml:179:13-45
	android:configChanges
		ADDED from src/main/AndroidManifest.xml:178:13-74
	android:theme
		ADDED from src/main/AndroidManifest.xml:180:13-66
	android:name
		ADDED from src/main/AndroidManifest.xml:177:13-55
activity#com.amap.navi.demo.activity.SingleRouteCalculateActivity
ADDED from src/main/AndroidManifest.xml:181:9-185:69
	android:label
		ADDED from src/main/AndroidManifest.xml:184:13-45
	android:configChanges
		ADDED from src/main/AndroidManifest.xml:183:13-74
	android:theme
		ADDED from src/main/AndroidManifest.xml:185:13-66
	android:name
		ADDED from src/main/AndroidManifest.xml:182:13-66
activity#com.amap.navi.demo.activity.WalkRouteCalculateActivity
ADDED from src/main/AndroidManifest.xml:186:9-190:69
	android:label
		ADDED from src/main/AndroidManifest.xml:189:13-45
	android:configChanges
		ADDED from src/main/AndroidManifest.xml:188:13-74
	android:theme
		ADDED from src/main/AndroidManifest.xml:190:13-66
	android:name
		ADDED from src/main/AndroidManifest.xml:187:13-64
activity#com.amap.navi.demo.activity.RideRouteCalculateActivity
ADDED from src/main/AndroidManifest.xml:191:9-195:69
	android:label
		ADDED from src/main/AndroidManifest.xml:194:13-45
	android:configChanges
		ADDED from src/main/AndroidManifest.xml:193:13-74
	android:theme
		ADDED from src/main/AndroidManifest.xml:195:13-66
	android:name
		ADDED from src/main/AndroidManifest.xml:192:13-64
activity#com.amap.navi.demo.activity.ShowRideRouteCalculateResultActivity
ADDED from src/main/AndroidManifest.xml:196:9-200:69
	android:label
		ADDED from src/main/AndroidManifest.xml:199:13-45
	android:configChanges
		ADDED from src/main/AndroidManifest.xml:198:13-74
	android:theme
		ADDED from src/main/AndroidManifest.xml:200:13-66
	android:name
		ADDED from src/main/AndroidManifest.xml:197:13-74
activity#com.amap.navi.demo.activity.EmulatorActivity
ADDED from src/main/AndroidManifest.xml:201:9-205:69
	android:label
		ADDED from src/main/AndroidManifest.xml:204:13-45
	android:configChanges
		ADDED from src/main/AndroidManifest.xml:203:13-74
	android:theme
		ADDED from src/main/AndroidManifest.xml:205:13-66
	android:name
		ADDED from src/main/AndroidManifest.xml:202:13-54
activity#com.amap.navi.demo.activity.custom.CustomUiActivity
ADDED from src/main/AndroidManifest.xml:206:9-210:69
	android:label
		ADDED from src/main/AndroidManifest.xml:209:13-45
	android:configChanges
		ADDED from src/main/AndroidManifest.xml:208:13-74
	android:theme
		ADDED from src/main/AndroidManifest.xml:210:13-66
	android:name
		ADDED from src/main/AndroidManifest.xml:207:13-61
activity#com.amap.navi.demo.activity.DriverListActivity
ADDED from src/main/AndroidManifest.xml:211:9-215:69
	android:label
		ADDED from src/main/AndroidManifest.xml:214:13-45
	android:configChanges
		ADDED from src/main/AndroidManifest.xml:213:13-74
	android:theme
		ADDED from src/main/AndroidManifest.xml:215:13-66
	android:name
		ADDED from src/main/AndroidManifest.xml:212:13-56
activity#com.amap.navi.demo.activity.CYC.MainIndex
ADDED from src/main/AndroidManifest.xml:216:9-219:69
	android:label
		ADDED from src/main/AndroidManifest.xml:218:13-45
	android:theme
		ADDED from src/main/AndroidManifest.xml:219:13-66
	android:name
		ADDED from src/main/AndroidManifest.xml:217:13-51
activity#com.amap.navi.demo.activity.search.SearchPoiActivity
ADDED from src/main/AndroidManifest.xml:220:9-71
	android:name
		ADDED from src/main/AndroidManifest.xml:220:19-68
activity#com.amap.navi.demo.activity.search.TstActivity
ADDED from src/main/AndroidManifest.xml:221:9-65
	android:name
		ADDED from src/main/AndroidManifest.xml:221:19-62
activity#com.amap.navi.demo.activity.search.TestActivity
ADDED from src/main/AndroidManifest.xml:222:9-75
	android:name
		ADDED from src/main/AndroidManifest.xml:222:19-63